2021-03-28 00:12:17,106 - root - DEBUG - 2021-03-28 00:12:17	100

2021-03-28 00:12:17,107 - root - INFO - 2021-03-28 00:12:17	http://127.0.0.1:9222/json

2021-03-28 00:12:17,115 - root - INFO - 2021-03-28 00:12:17	{'在线客服': {'code': 'success', 'ws': <websocket._core.WebSocket object at 0x000001B3D12BD940>}}

2021-03-28 00:12:17,115 - root - INFO - 2021-03-28 00:12:17	<class 'dict'>

2021-03-28 00:12:17,116 - root - INFO - 2021-03-28 00:12:17	{'code': 'success', 'ws': <websocket._core.WebSocket object at 0x000001B3D12BD940>}

2021-03-28 00:14:55,769 - root - DEBUG - 2021-03-28 00:14:55	100

2021-03-28 00:14:55,770 - root - INFO - 2021-03-28 00:14:55	http://127.0.0.1:9222/json

2021-03-28 00:14:55,777 - root - INFO - 2021-03-28 00:14:55	{'在线客服': {'code': 'success', 'ws': <websocket._core.WebSocket object at 0x000001BEAE8DC160>}}

2021-03-28 00:14:55,778 - root - INFO - 2021-03-28 00:14:55	<class 'dict'>

2021-03-28 00:16:26,961 - root - DEBUG - 2021-03-28 00:16:26	100

2021-03-28 00:16:26,962 - root - INFO - 2021-03-28 00:16:26	http://127.0.0.1:9222/json

2021-03-28 00:16:26,970 - root - INFO - 2021-03-28 00:16:26	{'在线客服': {'code': 'success', 'ws': <websocket._core.WebSocket object at 0x000002AEE46ADB00>}}

2021-03-28 00:16:36,944 - root - DEBUG - 2021-03-28 00:16:36	100

2021-03-28 00:16:36,945 - root - INFO - 2021-03-28 00:16:36	http://127.0.0.1:9222/json

2021-03-28 00:16:36,953 - root - INFO - 2021-03-28 00:16:36	{'在线客服': {'code': 'success', 'ws': <websocket._core.WebSocket object at 0x00000281732ED8D0>}}

2021-03-28 00:16:54,605 - root - DEBUG - 2021-03-28 00:16:54	100

2021-03-28 00:16:54,606 - root - INFO - 2021-03-28 00:16:54	http://127.0.0.1:9222/json

2021-03-28 00:16:54,614 - root - INFO - 2021-03-28 00:16:54	{'在线客服': {'code': 'success', 'ws': <websocket._core.WebSocket object at 0x000002C176F7DBE0>}}

2021-03-28 00:17:10,943 - root - DEBUG - 2021-03-28 00:17:10	100

2021-03-28 00:17:10,943 - root - INFO - 2021-03-28 00:17:10	http://127.0.0.1:9222/json

2021-03-28 00:17:10,951 - root - INFO - 2021-03-28 00:17:10	{'在线客服': {'code': 'success', 'ws': <websocket._core.WebSocket object at 0x000001EBFA96DBE0>}}

2021-03-28 00:17:11,955 - root - INFO - 2021-03-28 00:17:11	http://127.0.0.1:9222/json

2021-03-28 00:17:11,963 - root - INFO - 2021-03-28 00:17:11	{'在线客服': {'code': 'success', 'ws': <websocket._core.WebSocket object at 0x000001EBFA96DBE0>}}

2021-03-28 00:17:38,479 - root - DEBUG - 2021-03-28 00:17:38	100

2021-03-28 00:17:38,480 - root - INFO - 2021-03-28 00:17:38	http://127.0.0.1:9222/json

2021-03-28 00:17:38,488 - root - INFO - 2021-03-28 00:17:38	{'在线客服': {'code': 'success', 'ws': <websocket._core.WebSocket object at 0x0000026FAAE7D940>}}

2021-03-28 00:17:39,495 - root - INFO - 2021-03-28 00:17:39	http://127.0.0.1:9222/json

2021-03-28 00:17:39,500 - root - INFO - 2021-03-28 00:17:39	{'在线客服': {'code': 'success', 'ws': <websocket._core.WebSocket object at 0x0000026FAAE7D940>}, '百度一下，你就知道': {'code': 'success', 'ws': <websocket._core.WebSocket object at 0x0000026FAD1E6C88>}}

2021-03-28 00:17:40,508 - root - INFO - 2021-03-28 00:17:40	http://127.0.0.1:9222/json

2021-03-28 00:17:40,514 - root - INFO - 2021-03-28 00:17:40	{'在线客服': {'code': 'success', 'ws': <websocket._core.WebSocket object at 0x0000026FAAE7D940>}, '百度一下，你就知道': {'code': 'success', 'ws': <websocket._core.WebSocket object at 0x0000026FAD1E6C88>}}

2021-03-28 00:17:41,518 - root - INFO - 2021-03-28 00:17:41	http://127.0.0.1:9222/json

2021-03-28 00:17:41,527 - root - INFO - 2021-03-28 00:17:41	{'在线客服': {'code': 'success', 'ws': <websocket._core.WebSocket object at 0x0000026FAAE7D940>}, '百度一下，你就知道': {'code': 'success', 'ws': <websocket._core.WebSocket object at 0x0000026FAD1E6C88>}}

2021-03-28 00:20:29,717 - root - INFO - 2021-03-28 00:20:29	http://127.0.0.1:9222/json

2021-03-28 00:20:29,726 - root - INFO - 2021-03-28 00:20:29	{"id":1,"result":{"result":{"type":"number","value":100,"description":"100"}}}

2021-03-28 00:20:30,733 - root - INFO - 2021-03-28 00:20:30	http://127.0.0.1:9222/json

2021-03-28 00:20:30,739 - root - INFO - 2021-03-28 00:20:30	{"id":1,"result":{"result":{"type":"number","value":100,"description":"100"}}}

2021-03-28 00:20:31,746 - root - INFO - 2021-03-28 00:20:31	http://127.0.0.1:9222/json

2021-03-28 00:20:31,754 - root - INFO - 2021-03-28 00:20:31	{"id":1,"result":{"result":{"type":"string","value":"\u4f60\u597d"}}}

2021-03-28 00:20:32,758 - root - INFO - 2021-03-28 00:20:32	http://127.0.0.1:9222/json

2021-03-28 00:20:32,762 - root - INFO - 2021-03-28 00:20:32	{"id":1,"result":{"result":{"type":"string","value":"\u4f60\u597d"}}}

2021-03-28 00:21:00,755 - root - INFO - 2021-03-28 00:21:00	{"id":1,"result":{"result":{"type":"number","value":100,"description":"100"}}}

2021-03-28 00:21:01,764 - root - INFO - 2021-03-28 00:21:01	{"id":1,"result":{"result":{"type":"number","value":100,"description":"100"}}}

2021-03-28 00:21:02,774 - root - INFO - 2021-03-28 00:21:02	{"id":1,"result":{"result":{"type":"string","value":"\u4f60\u597d"}}}

2021-03-28 00:21:03,784 - root - INFO - 2021-03-28 00:21:03	{"id":1,"result":{"result":{"type":"string","value":"\u4f60\u597d"}}}

2021-03-28 00:21:28,252 - root - INFO - 2021-03-28 00:21:28	{"id":1,"result":{"result":{"type":"number","value":100,"description":"100"}}}

2021-03-28 00:21:29,270 - root - INFO - 2021-03-28 00:21:29	{"id":1,"result":{"result":{"type":"number","value":100,"description":"100"}}}

2021-03-28 00:21:30,276 - root - INFO - 2021-03-28 00:21:30	{"id":1,"result":{"result":{"type":"string","value":"\u4f60\u597d"}}}

2021-03-28 00:21:31,288 - root - INFO - 2021-03-28 00:21:31	{"id":1,"result":{"result":{"type":"string","value":"\u4f60\u597d"}}}

2021-03-28 00:22:16,565 - root - INFO - 2021-03-28 00:22:16	{"id":1,"result":{"result":{"type":"number","value":100,"description":"100"}}}

2021-03-28 00:22:17,580 - root - INFO - 2021-03-28 00:22:17	{"id":1,"result":{"result":{"type":"number","value":100,"description":"100"}}}

2021-03-28 00:22:18,588 - root - INFO - 2021-03-28 00:22:18	{"id":1,"result":{"result":{"type":"string","value":"\u4f60\u597d"}}}

2021-03-28 00:22:19,603 - root - INFO - 2021-03-28 00:22:19	{"id":1,"result":{"result":{"type":"string","value":"\u4f60\u597d"}}}

2021-03-28 00:26:08,575 - root - INFO - 2021-03-28 00:26:08	{"id":1,"result":{"result":{"type":"object","subtype":"error","className":"DOMException","description":"DOMException: Failed to execute 'querySelector' on 'Document': '.send-textarea.' is not a valid selector.\n    at <anonymous>:1:10","objectId":"515155994817069087.2.1","preview":{"type":"object","subtype":"error","description":"DOMException: Failed to execute 'querySelector' on 'Document': '.send-textarea.' is not a valid selector.\n    at <anonymous>:1:10","overflow":false,"properties":[{"name":"stack","type":"accessor"},{"name":"code","type":"number","value":"12"},{"name":"name","type":"string","value":"SyntaxError"},{"name":"message","type":"string","value":"Failed to execute 'querySelector' on 'Document': '.send-textarea.' is not a valid selector."}]}},"exceptionDetails":{"exceptionId":148,"text":"Uncaught","lineNumber":0,"columnNumber":9,"scriptId":"2649","exception":{"type":"object","subtype":"error","className":"DOMException","description":"DOMException: Failed to execute 'querySelector' on 'Document': '.send-textarea.' is not a valid selector.\n    at <anonymous>:1:10","objectId":"515155994817069087.2.2","preview":{"type":"object","subtype":"error","description":"DOMException: Failed to execute 'querySelector' on 'Document': '.send-textarea.' is not a valid selector.\n    at <anonymous>:1:10","overflow":false,"properties":[{"name":"stack","type":"accessor"},{"name":"code","type":"number","value":"12"},{"name":"name","type":"string","value":"SyntaxError"},{"name":"message","type":"string","value":"Failed to execute 'querySelector' on 'Document': '.send-textarea.' is not a valid selector."}]}}}}}

2021-03-28 00:26:09,586 - root - INFO - 2021-03-28 00:26:09	{"id":1,"result":{"result":{"type":"number","value":100,"description":"100"}}}

2021-03-28 00:26:10,593 - root - INFO - 2021-03-28 00:26:10	{"id":1,"result":{"result":{"type":"string","value":"\u4f60\u597d"}}}

2021-03-28 00:26:11,609 - root - INFO - 2021-03-28 00:26:11	{"id":1,"result":{"result":{"type":"string","value":"\u4f60\u597d"}}}

2021-03-28 01:20:31,260 - root - ERROR - 2021-03-28 01:20:31	未能找到指定title的ws_url

2021-03-28 01:20:31,261 - root - ERROR - 2021-03-28 01:20:31	未能找到指定title的ws_url

2021-03-28 01:20:31,263 - root - INFO - 2021-03-28 01:20:31	{"id":1,"result":{"result":{"type":"object","subtype":"error","className":"DOMException","description":"DOMException: Failed to execute 'querySelector' on 'Document': '.send-textarea.' is not a valid selector.\n    at <anonymous>:1:10","objectId":"515155994817069087.2.1","preview":{"type":"object","subtype":"error","description":"DOMException: Failed to execute 'querySelector' on 'Document': '.send-textarea.' is not a valid selector.\n    at <anonymous>:1:10","overflow":false,"properties":[{"name":"stack","type":"accessor"},{"name":"code","type":"number","value":"12"},{"name":"name","type":"string","value":"SyntaxError"},{"name":"message","type":"string","value":"Failed to execute 'querySelector' on 'Document': '.send-textarea.' is not a valid selector."}]}},"exceptionDetails":{"exceptionId":352,"text":"Uncaught","lineNumber":0,"columnNumber":9,"scriptId":"6324","stackTrace":{"callFrames":[{"functionName":"","scriptId":"6324","url":"","lineNumber":0,"columnNumber":9}]},"exception":{"type":"object","subtype":"error","className":"DOMException","description":"DOMException: Failed to execute 'querySelector' on 'Document': '.send-textarea.' is not a valid selector.\n    at <anonymous>:1:10","objectId":"515155994817069087.2.2","preview":{"type":"object","subtype":"error","description":"DOMException: Failed to execute 'querySelector' on 'Document': '.send-textarea.' is not a valid selector.\n    at <anonymous>:1:10","overflow":false,"properties":[{"name":"stack","type":"accessor"},{"name":"code","type":"number","value":"12"},{"name":"name","type":"string","value":"SyntaxError"},{"name":"message","type":"string","value":"Failed to execute 'querySelector' on 'Document': '.send-textarea.' is not a valid selector."}]}}}}}

2021-03-28 01:20:32,286 - root - ERROR - 2021-03-28 01:20:32	未能找到指定title的ws_url

2021-03-28 01:20:32,287 - root - INFO - 2021-03-28 01:20:32	{"id":1,"result":{"result":{"type":"number","value":100,"description":"100"}}}

2021-03-28 01:20:33,295 - root - ERROR - 2021-03-28 01:20:33	未能找到指定title的ws_url

2021-03-28 01:20:33,296 - root - ERROR - 2021-03-28 01:20:33	未能找到指定title的ws_url

2021-03-28 01:20:33,299 - root - INFO - 2021-03-28 01:20:33	{"id":1,"result":{"result":{"type":"string","value":"\u4f60\u597d"}}}

2021-03-28 01:20:34,306 - root - ERROR - 2021-03-28 01:20:34	未能找到指定title的ws_url

2021-03-28 01:20:34,308 - root - INFO - 2021-03-28 01:20:34	{"id":1,"result":{"result":{"type":"string","value":"\u4f60\u597d"}}}

2021-03-28 01:21:44,395 - root - ERROR - 2021-03-28 01:21:44	未能找到指定title的ws_url

2021-03-28 01:21:44,396 - root - ERROR - 2021-03-28 01:21:44	未能找到指定title的ws_url

2021-03-28 01:21:44,399 - root - INFO - 2021-03-28 01:21:44	{"id":1,"result":{"result":{"type":"object","subtype":"error","className":"DOMException","description":"DOMException: Failed to execute 'querySelector' on 'Document': '.send-textarea.' is not a valid selector.\n    at <anonymous>:1:10","objectId":"515155994817069087.17.1","preview":{"type":"object","subtype":"error","description":"DOMException: Failed to execute 'querySelector' on 'Document': '.send-textarea.' is not a valid selector.\n    at <anonymous>:1:10","overflow":false,"properties":[{"name":"stack","type":"accessor"},{"name":"code","type":"number","value":"12"},{"name":"name","type":"string","value":"SyntaxError"},{"name":"message","type":"string","value":"Failed to execute 'querySelector' on 'Document': '.send-textarea.' is not a valid selector."}]}},"exceptionDetails":{"exceptionId":353,"text":"Uncaught","lineNumber":0,"columnNumber":9,"scriptId":"6386","stackTrace":{"callFrames":[{"functionName":"","scriptId":"6386","url":"","lineNumber":0,"columnNumber":9}]},"exception":{"type":"object","subtype":"error","className":"DOMException","description":"DOMException: Failed to execute 'querySelector' on 'Document': '.send-textarea.' is not a valid selector.\n    at <anonymous>:1:10","objectId":"515155994817069087.17.2","preview":{"type":"object","subtype":"error","description":"DOMException: Failed to execute 'querySelector' on 'Document': '.send-textarea.' is not a valid selector.\n    at <anonymous>:1:10","overflow":false,"properties":[{"name":"stack","type":"accessor"},{"name":"code","type":"number","value":"12"},{"name":"name","type":"string","value":"SyntaxError"},{"name":"message","type":"string","value":"Failed to execute 'querySelector' on 'Document': '.send-textarea.' is not a valid selector."}]}}}}}

2021-03-28 01:21:45,415 - root - ERROR - 2021-03-28 01:21:45	未能找到指定title的ws_url

2021-03-28 01:21:45,417 - root - INFO - 2021-03-28 01:21:45	{"id":1,"result":{"result":{"type":"number","value":100,"description":"100"}}}

2021-03-28 01:21:46,440 - root - ERROR - 2021-03-28 01:21:46	未能找到指定title的ws_url

2021-03-28 01:21:46,441 - root - ERROR - 2021-03-28 01:21:46	未能找到指定title的ws_url

2021-03-28 01:21:46,443 - root - INFO - 2021-03-28 01:21:46	{"id":1,"result":{"result":{"type":"string","value":"\u4f60\u597d"}}}

2021-03-28 01:21:47,467 - root - ERROR - 2021-03-28 01:21:47	未能找到指定title的ws_url

2021-03-28 01:21:47,469 - root - INFO - 2021-03-28 01:21:47	{"id":1,"result":{"result":{"type":"string","value":"\u4f60\u597d"}}}

2021-03-28 01:23:36,570 - root - ERROR - 2021-03-28 01:23:36	未能找到指定title的ws_url

2021-03-28 01:23:36,571 - root - ERROR - 2021-03-28 01:23:36	未能找到指定title的ws_url

2021-03-28 01:23:36,571 - root - ERROR - 2021-03-28 01:23:36	未能找到指定title的ws_url

2021-03-28 01:23:36,571 - root - ERROR - 2021-03-28 01:23:36	未能找到指定title的ws_url

2021-03-28 01:23:36,571 - root - ERROR - 2021-03-28 01:23:36	未能找到指定title的ws_url

2021-03-28 01:23:36,571 - root - ERROR - 2021-03-28 01:23:36	未能找到指定title的ws_url

2021-03-28 01:23:36,572 - root - ERROR - 2021-03-28 01:23:36	未能找到指定title的ws_url

2021-03-28 01:23:36,572 - root - ERROR - 2021-03-28 01:23:36	未能找到指定title的ws_url

2021-03-28 01:23:36,572 - root - ERROR - 2021-03-28 01:23:36	未能找到指定title的ws_url

2021-03-28 01:23:36,572 - root - ERROR - 2021-03-28 01:23:36	未能找到指定title的ws_url

2021-03-28 01:23:36,572 - root - ERROR - 2021-03-28 01:23:36	未能找到指定title的ws_url

2021-03-28 01:23:36,573 - root - ERROR - 2021-03-28 01:23:36	未能找到指定title的ws_url

2021-03-28 01:23:36,573 - root - ERROR - 2021-03-28 01:23:36	未能找到指定title的ws_url

2021-03-28 01:23:36,573 - root - ERROR - 2021-03-28 01:23:36	未能找到指定title的ws_url

2021-03-28 01:23:36,573 - root - ERROR - 2021-03-28 01:23:36	未能找到指定title的ws_url

2021-03-28 01:23:36,573 - root - ERROR - 2021-03-28 01:23:36	未能找到指定title的ws_url

2021-03-28 01:23:36,574 - root - ERROR - 2021-03-28 01:23:36	未能找到指定title的ws_url

2021-03-28 01:23:36,574 - root - ERROR - 2021-03-28 01:23:36	未能找到指定title的ws_url

2021-03-28 01:23:36,576 - root - INFO - 2021-03-28 01:23:36	{"id":1,"result":{"result":{"type":"object","subtype":"error","className":"DOMException","description":"DOMException: Failed to execute 'querySelector' on 'Document': '.send-textarea.' is not a valid selector.\n    at <anonymous>:1:10","objectId":"515155994817069087.17.1","preview":{"type":"object","subtype":"error","description":"DOMException: Failed to execute 'querySelector' on 'Document': '.send-textarea.' is not a valid selector.\n    at <anonymous>:1:10","overflow":false,"properties":[{"name":"stack","type":"accessor"},{"name":"code","type":"number","value":"12"},{"name":"name","type":"string","value":"SyntaxError"},{"name":"message","type":"string","value":"Failed to execute 'querySelector' on 'Document': '.send-textarea.' is not a valid selector."}]}},"exceptionDetails":{"exceptionId":354,"text":"Uncaught","lineNumber":0,"columnNumber":9,"scriptId":"6452","stackTrace":{"callFrames":[{"functionName":"","scriptId":"6452","url":"","lineNumber":0,"columnNumber":9}]},"exception":{"type":"object","subtype":"error","className":"DOMException","description":"DOMException: Failed to execute 'querySelector' on 'Document': '.send-textarea.' is not a valid selector.\n    at <anonymous>:1:10","objectId":"515155994817069087.17.2","preview":{"type":"object","subtype":"error","description":"DOMException: Failed to execute 'querySelector' on 'Document': '.send-textarea.' is not a valid selector.\n    at <anonymous>:1:10","overflow":false,"properties":[{"name":"stack","type":"accessor"},{"name":"code","type":"number","value":"12"},{"name":"name","type":"string","value":"SyntaxError"},{"name":"message","type":"string","value":"Failed to execute 'querySelector' on 'Document': '.send-textarea.' is not a valid selector."}]}}}}}

2021-03-28 01:23:37,598 - root - ERROR - 2021-03-28 01:23:37	未能找到指定title的ws_url

2021-03-28 01:23:37,598 - root - ERROR - 2021-03-28 01:23:37	未能找到指定title的ws_url

2021-03-28 01:23:37,598 - root - ERROR - 2021-03-28 01:23:37	未能找到指定title的ws_url

2021-03-28 01:23:37,598 - root - ERROR - 2021-03-28 01:23:37	未能找到指定title的ws_url

2021-03-28 01:23:37,599 - root - ERROR - 2021-03-28 01:23:37	未能找到指定title的ws_url

2021-03-28 01:23:37,599 - root - ERROR - 2021-03-28 01:23:37	未能找到指定title的ws_url

2021-03-28 01:23:37,599 - root - ERROR - 2021-03-28 01:23:37	未能找到指定title的ws_url

2021-03-28 01:23:37,599 - root - ERROR - 2021-03-28 01:23:37	未能找到指定title的ws_url

2021-03-28 01:23:37,599 - root - ERROR - 2021-03-28 01:23:37	未能找到指定title的ws_url

2021-03-28 01:23:37,599 - root - ERROR - 2021-03-28 01:23:37	未能找到指定title的ws_url

2021-03-28 01:23:37,600 - root - ERROR - 2021-03-28 01:23:37	未能找到指定title的ws_url

2021-03-28 01:23:37,600 - root - ERROR - 2021-03-28 01:23:37	未能找到指定title的ws_url

2021-03-28 01:23:37,600 - root - ERROR - 2021-03-28 01:23:37	未能找到指定title的ws_url

2021-03-28 01:23:37,600 - root - ERROR - 2021-03-28 01:23:37	未能找到指定title的ws_url

2021-03-28 01:23:37,600 - root - ERROR - 2021-03-28 01:23:37	未能找到指定title的ws_url

2021-03-28 01:23:37,601 - root - ERROR - 2021-03-28 01:23:37	未能找到指定title的ws_url

2021-03-28 01:23:37,601 - root - ERROR - 2021-03-28 01:23:37	未能找到指定title的ws_url

2021-03-28 01:23:37,603 - root - INFO - 2021-03-28 01:23:37	{"id":1,"result":{"result":{"type":"number","value":100,"description":"100"}}}

2021-03-28 01:23:38,625 - root - ERROR - 2021-03-28 01:23:38	未能找到指定title的ws_url

2021-03-28 01:23:38,625 - root - ERROR - 2021-03-28 01:23:38	未能找到指定title的ws_url

2021-03-28 01:23:38,625 - root - ERROR - 2021-03-28 01:23:38	未能找到指定title的ws_url

2021-03-28 01:23:38,625 - root - ERROR - 2021-03-28 01:23:38	未能找到指定title的ws_url

2021-03-28 01:23:38,625 - root - ERROR - 2021-03-28 01:23:38	未能找到指定title的ws_url

2021-03-28 01:23:38,626 - root - ERROR - 2021-03-28 01:23:38	未能找到指定title的ws_url

2021-03-28 01:23:38,626 - root - ERROR - 2021-03-28 01:23:38	未能找到指定title的ws_url

2021-03-28 01:23:38,626 - root - ERROR - 2021-03-28 01:23:38	未能找到指定title的ws_url

2021-03-28 01:23:38,626 - root - ERROR - 2021-03-28 01:23:38	未能找到指定title的ws_url

2021-03-28 01:23:38,626 - root - ERROR - 2021-03-28 01:23:38	未能找到指定title的ws_url

2021-03-28 01:23:38,627 - root - ERROR - 2021-03-28 01:23:38	未能找到指定title的ws_url

2021-03-28 01:23:38,627 - root - ERROR - 2021-03-28 01:23:38	未能找到指定title的ws_url

2021-03-28 01:23:38,627 - root - ERROR - 2021-03-28 01:23:38	未能找到指定title的ws_url

2021-03-28 01:23:38,627 - root - ERROR - 2021-03-28 01:23:38	未能找到指定title的ws_url

2021-03-28 01:23:38,628 - root - ERROR - 2021-03-28 01:23:38	未能找到指定title的ws_url

2021-03-28 01:23:38,628 - root - ERROR - 2021-03-28 01:23:38	未能找到指定title的ws_url

2021-03-28 01:23:38,628 - root - ERROR - 2021-03-28 01:23:38	未能找到指定title的ws_url

2021-03-28 01:23:38,628 - root - ERROR - 2021-03-28 01:23:38	未能找到指定title的ws_url

2021-03-28 01:23:38,630 - root - INFO - 2021-03-28 01:23:38	{"id":1,"result":{"result":{"type":"string","value":"\u4f60\u597d"}}}

2021-03-28 01:23:39,652 - root - ERROR - 2021-03-28 01:23:39	未能找到指定title的ws_url

2021-03-28 01:23:39,652 - root - ERROR - 2021-03-28 01:23:39	未能找到指定title的ws_url

2021-03-28 01:23:39,653 - root - ERROR - 2021-03-28 01:23:39	未能找到指定title的ws_url

2021-03-28 01:23:39,653 - root - ERROR - 2021-03-28 01:23:39	未能找到指定title的ws_url

2021-03-28 01:23:39,653 - root - ERROR - 2021-03-28 01:23:39	未能找到指定title的ws_url

2021-03-28 01:23:39,653 - root - ERROR - 2021-03-28 01:23:39	未能找到指定title的ws_url

2021-03-28 01:23:39,653 - root - ERROR - 2021-03-28 01:23:39	未能找到指定title的ws_url

2021-03-28 01:23:39,654 - root - ERROR - 2021-03-28 01:23:39	未能找到指定title的ws_url

2021-03-28 01:23:39,654 - root - ERROR - 2021-03-28 01:23:39	未能找到指定title的ws_url

2021-03-28 01:23:39,654 - root - ERROR - 2021-03-28 01:23:39	未能找到指定title的ws_url

2021-03-28 01:23:39,654 - root - ERROR - 2021-03-28 01:23:39	未能找到指定title的ws_url

2021-03-28 01:23:39,654 - root - ERROR - 2021-03-28 01:23:39	未能找到指定title的ws_url

2021-03-28 01:23:39,655 - root - ERROR - 2021-03-28 01:23:39	未能找到指定title的ws_url

2021-03-28 01:23:39,655 - root - ERROR - 2021-03-28 01:23:39	未能找到指定title的ws_url

2021-03-28 01:23:39,655 - root - ERROR - 2021-03-28 01:23:39	未能找到指定title的ws_url

2021-03-28 01:23:39,655 - root - ERROR - 2021-03-28 01:23:39	未能找到指定title的ws_url

2021-03-28 01:23:39,655 - root - ERROR - 2021-03-28 01:23:39	未能找到指定title的ws_url

2021-03-28 01:23:39,657 - root - INFO - 2021-03-28 01:23:39	{"id":1,"result":{"result":{"type":"string","value":"\u4f60\u597d"}}}

2021-03-28 01:25:11,071 - root - ERROR - 2021-03-28 01:25:11	未能找到指定title的ws_url

2021-03-28 01:25:11,072 - root - ERROR - 2021-03-28 01:25:11	未能找到指定title的ws_url

2021-03-28 01:25:11,072 - root - ERROR - 2021-03-28 01:25:11	未能找到指定title的ws_url

2021-03-28 01:25:11,072 - root - ERROR - 2021-03-28 01:25:11	未能找到指定title的ws_url

2021-03-28 01:25:11,072 - root - ERROR - 2021-03-28 01:25:11	未能找到指定title的ws_url

2021-03-28 01:25:11,073 - root - ERROR - 2021-03-28 01:25:11	未能找到指定title的ws_url

2021-03-28 01:25:11,073 - root - ERROR - 2021-03-28 01:25:11	未能找到指定title的ws_url

2021-03-28 01:25:11,073 - root - ERROR - 2021-03-28 01:25:11	未能找到指定title的ws_url

2021-03-28 01:25:11,073 - root - ERROR - 2021-03-28 01:25:11	未能找到指定title的ws_url

2021-03-28 01:25:11,073 - root - ERROR - 2021-03-28 01:25:11	未能找到指定title的ws_url

2021-03-28 01:25:11,074 - root - ERROR - 2021-03-28 01:25:11	未能找到指定title的ws_url

2021-03-28 01:25:11,074 - root - ERROR - 2021-03-28 01:25:11	未能找到指定title的ws_url

2021-03-28 01:25:11,074 - root - ERROR - 2021-03-28 01:25:11	未能找到指定title的ws_url

2021-03-28 01:25:11,074 - root - ERROR - 2021-03-28 01:25:11	未能找到指定title的ws_url

2021-03-28 01:25:11,074 - root - ERROR - 2021-03-28 01:25:11	未能找到指定title的ws_url

2021-03-28 01:25:11,075 - root - ERROR - 2021-03-28 01:25:11	未能找到指定title的ws_url

2021-03-28 01:25:11,075 - root - ERROR - 2021-03-28 01:25:11	未能找到指定title的ws_url

2021-03-28 01:25:11,075 - root - ERROR - 2021-03-28 01:25:11	未能找到指定title的ws_url

2021-03-28 01:25:11,075 - root - ERROR - 2021-03-28 01:25:11	未能找到指定title的ws_url

2021-03-28 01:25:11,078 - root - INFO - 2021-03-28 01:25:11	{"id":1,"result":{"result":{"type":"object","subtype":"error","className":"DOMException","description":"DOMException: Failed to execute 'querySelector' on 'Document': '.send-textarea.' is not a valid selector.\n    at <anonymous>:1:10","objectId":"515155994817069087.17.1","preview":{"type":"object","subtype":"error","description":"DOMException: Failed to execute 'querySelector' on 'Document': '.send-textarea.' is not a valid selector.\n    at <anonymous>:1:10","overflow":false,"properties":[{"name":"stack","type":"accessor"},{"name":"code","type":"number","value":"12"},{"name":"name","type":"string","value":"SyntaxError"},{"name":"message","type":"string","value":"Failed to execute 'querySelector' on 'Document': '.send-textarea.' is not a valid selector."}]}},"exceptionDetails":{"exceptionId":355,"text":"Uncaught","lineNumber":0,"columnNumber":9,"scriptId":"6454","stackTrace":{"callFrames":[{"functionName":"","scriptId":"6454","url":"","lineNumber":0,"columnNumber":9}]},"exception":{"type":"object","subtype":"error","className":"DOMException","description":"DOMException: Failed to execute 'querySelector' on 'Document': '.send-textarea.' is not a valid selector.\n    at <anonymous>:1:10","objectId":"515155994817069087.17.2","preview":{"type":"object","subtype":"error","description":"DOMException: Failed to execute 'querySelector' on 'Document': '.send-textarea.' is not a valid selector.\n    at <anonymous>:1:10","overflow":false,"properties":[{"name":"stack","type":"accessor"},{"name":"code","type":"number","value":"12"},{"name":"name","type":"string","value":"SyntaxError"},{"name":"message","type":"string","value":"Failed to execute 'querySelector' on 'Document': '.send-textarea.' is not a valid selector."}]}}}}}

2021-03-28 01:25:12,087 - root - ERROR - 2021-03-28 01:25:12	未能找到指定title的ws_url

2021-03-28 01:25:12,087 - root - ERROR - 2021-03-28 01:25:12	未能找到指定title的ws_url

2021-03-28 01:25:12,087 - root - ERROR - 2021-03-28 01:25:12	未能找到指定title的ws_url

2021-03-28 01:25:12,088 - root - ERROR - 2021-03-28 01:25:12	未能找到指定title的ws_url

2021-03-28 01:25:12,088 - root - ERROR - 2021-03-28 01:25:12	未能找到指定title的ws_url

2021-03-28 01:25:12,088 - root - ERROR - 2021-03-28 01:25:12	未能找到指定title的ws_url

2021-03-28 01:25:12,088 - root - ERROR - 2021-03-28 01:25:12	未能找到指定title的ws_url

2021-03-28 01:25:12,088 - root - ERROR - 2021-03-28 01:25:12	未能找到指定title的ws_url

2021-03-28 01:25:12,089 - root - ERROR - 2021-03-28 01:25:12	未能找到指定title的ws_url

2021-03-28 01:25:12,089 - root - ERROR - 2021-03-28 01:25:12	未能找到指定title的ws_url

2021-03-28 01:25:12,089 - root - ERROR - 2021-03-28 01:25:12	未能找到指定title的ws_url

2021-03-28 01:25:12,089 - root - ERROR - 2021-03-28 01:25:12	未能找到指定title的ws_url

2021-03-28 01:25:12,089 - root - ERROR - 2021-03-28 01:25:12	未能找到指定title的ws_url

2021-03-28 01:25:12,090 - root - ERROR - 2021-03-28 01:25:12	未能找到指定title的ws_url

2021-03-28 01:25:12,090 - root - ERROR - 2021-03-28 01:25:12	未能找到指定title的ws_url

2021-03-28 01:25:12,090 - root - ERROR - 2021-03-28 01:25:12	未能找到指定title的ws_url

2021-03-28 01:25:12,090 - root - ERROR - 2021-03-28 01:25:12	未能找到指定title的ws_url

2021-03-28 01:25:12,090 - root - ERROR - 2021-03-28 01:25:12	未能找到指定title的ws_url

2021-03-28 01:25:12,092 - root - INFO - 2021-03-28 01:25:12	{"id":1,"result":{"result":{"type":"number","value":100,"description":"100"}}}

2021-03-28 01:28:26,830 - root - ERROR - 2021-03-28 01:28:26	未能找到指定title的ws_url

2021-03-28 01:31:15,399 - root - INFO - 2021-03-28 01:31:15	{"id":1,"result":{"result":{"type":"object","subtype":"error","className":"DOMException","description":"DOMException: Failed to execute 'querySelector' on 'Document': '.send-textarea.' is not a valid selector.\n    at <anonymous>:1:10","objectId":"515155994817069087.17.1","preview":{"type":"object","subtype":"error","description":"DOMException: Failed to execute 'querySelector' on 'Document': '.send-textarea.' is not a valid selector.\n    at <anonymous>:1:10","overflow":false,"properties":[{"name":"stack","type":"accessor"},{"name":"code","type":"number","value":"12"},{"name":"name","type":"string","value":"SyntaxError"},{"name":"message","type":"string","value":"Failed to execute 'querySelector' on 'Document': '.send-textarea.' is not a valid selector."}]}},"exceptionDetails":{"exceptionId":356,"text":"Uncaught","lineNumber":0,"columnNumber":9,"scriptId":"6455","stackTrace":{"callFrames":[{"functionName":"","scriptId":"6455","url":"","lineNumber":0,"columnNumber":9}]},"exception":{"type":"object","subtype":"error","className":"DOMException","description":"DOMException: Failed to execute 'querySelector' on 'Document': '.send-textarea.' is not a valid selector.\n    at <anonymous>:1:10","objectId":"515155994817069087.17.2","preview":{"type":"object","subtype":"error","description":"DOMException: Failed to execute 'querySelector' on 'Document': '.send-textarea.' is not a valid selector.\n    at <anonymous>:1:10","overflow":false,"properties":[{"name":"stack","type":"accessor"},{"name":"code","type":"number","value":"12"},{"name":"name","type":"string","value":"SyntaxError"},{"name":"message","type":"string","value":"Failed to execute 'querySelector' on 'Document': '.send-textarea.' is not a valid selector."}]}}}}}

2021-03-28 01:31:16,425 - root - INFO - 2021-03-28 01:31:16	{"id":1,"result":{"result":{"type":"number","value":100,"description":"100"}}}

2021-03-28 01:31:17,446 - root - INFO - 2021-03-28 01:31:17	{"id":1,"result":{"result":{"type":"string","value":"\u4f60\u597d"}}}

2021-03-28 01:31:18,461 - root - INFO - 2021-03-28 01:31:18	{"id":1,"result":{"result":{"type":"string","value":"\u4f60\u597d"}}}

2021-03-28 01:31:32,652 - root - INFO - 2021-03-28 01:31:32	{"id":1,"result":{"result":{"type":"object","subtype":"error","className":"DOMException","description":"DOMException: Failed to execute 'querySelector' on 'Document': '.send-textarea.' is not a valid selector.\n    at <anonymous>:1:10","objectId":"515155994817069087.17.1","preview":{"type":"object","subtype":"error","description":"DOMException: Failed to execute 'querySelector' on 'Document': '.send-textarea.' is not a valid selector.\n    at <anonymous>:1:10","overflow":false,"properties":[{"name":"stack","type":"accessor"},{"name":"code","type":"number","value":"12"},{"name":"name","type":"string","value":"SyntaxError"},{"name":"message","type":"string","value":"Failed to execute 'querySelector' on 'Document': '.send-textarea.' is not a valid selector."}]}},"exceptionDetails":{"exceptionId":357,"text":"Uncaught","lineNumber":0,"columnNumber":9,"scriptId":"6457","stackTrace":{"callFrames":[{"functionName":"","scriptId":"6457","url":"","lineNumber":0,"columnNumber":9}]},"exception":{"type":"object","subtype":"error","className":"DOMException","description":"DOMException: Failed to execute 'querySelector' on 'Document': '.send-textarea.' is not a valid selector.\n    at <anonymous>:1:10","objectId":"515155994817069087.17.2","preview":{"type":"object","subtype":"error","description":"DOMException: Failed to execute 'querySelector' on 'Document': '.send-textarea.' is not a valid selector.\n    at <anonymous>:1:10","overflow":false,"properties":[{"name":"stack","type":"accessor"},{"name":"code","type":"number","value":"12"},{"name":"name","type":"string","value":"SyntaxError"},{"name":"message","type":"string","value":"Failed to execute 'querySelector' on 'Document': '.send-textarea.' is not a valid selector."}]}}}}}

2021-03-28 01:31:33,672 - root - INFO - 2021-03-28 01:31:33	{"id":1,"result":{"result":{"type":"number","value":100,"description":"100"}}}

2021-03-28 01:31:34,685 - root - INFO - 2021-03-28 01:31:34	{"id":1,"result":{"result":{"type":"string","value":"\u4f60\u597d"}}}

2021-03-28 01:31:35,700 - root - INFO - 2021-03-28 01:31:35	{"id":1,"result":{"result":{"type":"string","value":"\u4f60\u597d"}}}

2021-03-28 01:31:44,803 - root - INFO - 2021-03-28 01:31:44	{"id":1,"result":{"result":{"type":"object","subtype":"error","className":"DOMException","description":"DOMException: Failed to execute 'querySelector' on 'Document': '.send-textarea.' is not a valid selector.\n    at <anonymous>:1:10","objectId":"515155994817069087.17.1","preview":{"type":"object","subtype":"error","description":"DOMException: Failed to execute 'querySelector' on 'Document': '.send-textarea.' is not a valid selector.\n    at <anonymous>:1:10","overflow":false,"properties":[{"name":"stack","type":"accessor"},{"name":"code","type":"number","value":"12"},{"name":"name","type":"string","value":"SyntaxError"},{"name":"message","type":"string","value":"Failed to execute 'querySelector' on 'Document': '.send-textarea.' is not a valid selector."}]}},"exceptionDetails":{"exceptionId":358,"text":"Uncaught","lineNumber":0,"columnNumber":9,"scriptId":"6476","stackTrace":{"callFrames":[{"functionName":"","scriptId":"6476","url":"","lineNumber":0,"columnNumber":9}]},"exception":{"type":"object","subtype":"error","className":"DOMException","description":"DOMException: Failed to execute 'querySelector' on 'Document': '.send-textarea.' is not a valid selector.\n    at <anonymous>:1:10","objectId":"515155994817069087.17.2","preview":{"type":"object","subtype":"error","description":"DOMException: Failed to execute 'querySelector' on 'Document': '.send-textarea.' is not a valid selector.\n    at <anonymous>:1:10","overflow":false,"properties":[{"name":"stack","type":"accessor"},{"name":"code","type":"number","value":"12"},{"name":"name","type":"string","value":"SyntaxError"},{"name":"message","type":"string","value":"Failed to execute 'querySelector' on 'Document': '.send-textarea.' is not a valid selector."}]}}}}}

2021-03-28 01:31:45,812 - root - INFO - 2021-03-28 01:31:45	{"id":1,"result":{"result":{"type":"number","value":100,"description":"100"}}}

2021-03-28 01:31:46,831 - root - INFO - 2021-03-28 01:31:46	{"id":1,"result":{"result":{"type":"string","value":"\u4f60\u597d"}}}

2021-03-28 01:31:47,842 - root - INFO - 2021-03-28 01:31:47	{"id":1,"result":{"result":{"type":"string","value":"\u4f60\u597d"}}}

2021-03-28 01:32:04,439 - root - INFO - 2021-03-28 01:32:04	{"id":1,"result":{"result":{"type":"number","value":100,"description":"100"}}}

2021-03-28 01:32:05,462 - root - INFO - 2021-03-28 01:32:05	{"id":1,"result":{"result":{"type":"number","value":100,"description":"100"}}}

2021-03-28 01:32:06,476 - root - INFO - 2021-03-28 01:32:06	{"id":1,"result":{"result":{"type":"string","value":"\u4f60\u597d"}}}

2021-03-28 01:32:07,485 - root - INFO - 2021-03-28 01:32:07	{"id":1,"result":{"result":{"type":"string","value":"\u4f60\u597d"}}}

2021-03-28 01:32:11,432 - root - INFO - 2021-03-28 01:32:11	{"id":1,"result":{"result":{"type":"number","value":100,"description":"100"}}}

2021-03-28 01:32:12,443 - root - INFO - 2021-03-28 01:32:12	{"id":1,"result":{"result":{"type":"number","value":100,"description":"100"}}}

2021-03-28 01:32:13,467 - root - INFO - 2021-03-28 01:32:13	{"id":1,"result":{"result":{"type":"string","value":"\u4f60\u597d"}}}

2021-03-28 01:32:14,491 - root - INFO - 2021-03-28 01:32:14	{"id":1,"result":{"result":{"type":"string","value":"\u4f60\u597d"}}}

2021-03-28 01:34:10,907 - root - INFO - 2021-03-28 01:34:10	{"id":1,"result":{"result":{"type":"number","value":100,"description":"100"}}}

2021-03-28 01:34:11,929 - root - INFO - 2021-03-28 01:34:11	{"id":1,"result":{"result":{"type":"number","value":100,"description":"100"}}}

2021-03-28 01:34:12,960 - root - INFO - 2021-03-28 01:34:12	{"id":1,"result":{"result":{"type":"string","value":"\u4f60\u597d"}}}

2021-03-28 01:34:13,969 - root - INFO - 2021-03-28 01:34:13	{"id":1,"result":{"result":{"type":"string","value":"\u4f60\u597d"}}}

2021-03-28 02:06:01,430 - root - INFO - 2021-03-28 02:06:01	{"id":1,"result":{"result":{"type":"number","value":100,"description":"100"}}}

2021-03-28 02:06:02,438 - root - INFO - 2021-03-28 02:06:02	{"id":1,"result":{"result":{"type":"number","value":100,"description":"100"}}}

2021-03-28 02:06:03,453 - root - INFO - 2021-03-28 02:06:03	{"id":1,"result":{"result":{"type":"string","value":"\u4f60\u597d"}}}

2021-03-28 02:06:13,473 - root - INFO - 2021-03-28 02:06:13	{"id":1,"result":{"result":{"type":"string","value":"\u4f60\u597d"}}}

2021-03-28 02:06:18,169 - root - INFO - 2021-03-28 02:06:18	{"id":1,"result":{"result":{"type":"number","value":100,"description":"100"}}}

2021-03-28 02:06:19,188 - root - INFO - 2021-03-28 02:06:19	{"id":1,"result":{"result":{"type":"number","value":100,"description":"100"}}}

2021-03-28 02:06:20,213 - root - INFO - 2021-03-28 02:06:20	{"id":1,"result":{"result":{"type":"string","value":"\u4f60\u597d"}}}

2021-03-28 02:06:30,238 - root - ERROR - 2021-03-28 02:06:30	local variable 'ws_url' referenced before assignment

2021-03-28 02:08:15,639 - root - INFO - 2021-03-28 02:08:15	{"id":1,"result":{"result":{"type":"number","value":100,"description":"100"}}}

2021-03-28 02:08:16,646 - root - INFO - 2021-03-28 02:08:16	{"id":1,"result":{"result":{"type":"number","value":100,"description":"100"}}}

2021-03-28 02:08:17,664 - root - INFO - 2021-03-28 02:08:17	{"id":1,"result":{"result":{"type":"string","value":"\u4f60\u597d"}}}

2021-03-28 02:08:27,678 - root - INFO - 2021-03-28 02:08:27	{"id":1,"result":{"result":{"type":"string","value":"\u4f60\u597d"}}}

2021-03-28 02:08:32,723 - root - INFO - 2021-03-28 02:08:32	{"id":1,"result":{"result":{"type":"number","value":100,"description":"100"}}}

2021-03-28 02:08:33,739 - root - INFO - 2021-03-28 02:08:33	{"id":1,"result":{"result":{"type":"number","value":100,"description":"100"}}}

2021-03-28 02:08:34,753 - root - INFO - 2021-03-28 02:08:34	{"id":1,"result":{"result":{"type":"string","value":"\u4f60\u597d"}}}

2021-03-28 02:15:35,843 - root - INFO - 2021-03-28 02:15:35	{"id":1,"result":{"result":{"type":"number","value":100,"description":"100"}}}

2021-03-28 02:15:36,852 - root - INFO - 2021-03-28 02:15:36	{"id":1,"result":{"result":{"type":"number","value":100,"description":"100"}}}

2021-03-28 02:15:37,874 - root - INFO - 2021-03-28 02:15:37	{"id":1,"result":{"result":{"type":"string","value":"\u4f60\u597d"}}}

2021-03-28 02:15:47,888 - root - ERROR - 2021-03-28 02:15:47	local variable 'ws_url' referenced before assignment

2021-03-28 02:15:47,888 - root - INFO - 2021-03-28 02:15:47	[WinError 10053] 你的主机中的软件中止了一个已建立的连接。

2021-03-28 02:18:12,555 - root - INFO - 2021-03-28 02:18:12	{"id":1,"result":{"result":{"type":"number","value":100,"description":"100"}}}

2021-03-28 02:18:13,564 - root - INFO - 2021-03-28 02:18:13	{"id":1,"result":{"result":{"type":"number","value":100,"description":"100"}}}

2021-03-28 02:18:14,584 - root - INFO - 2021-03-28 02:18:14	{"id":1,"result":{"result":{"type":"string","value":"\u4f60\u597d"}}}

2021-03-28 02:18:24,596 - root - INFO - 2021-03-28 02:18:24	[WinError 10053] 你的主机中的软件中止了一个已建立的连接。

2021-03-28 02:18:24,596 - root - INFO - 2021-03-28 02:18:24	None

2021-03-28 02:18:25,609 - root - INFO - 2021-03-28 02:18:25	{"id":1,"result":{"result":{"type":"number","value":100,"description":"100"}}}

2021-03-28 02:23:42,646 - root - INFO - 2021-03-28 02:23:42	{"id":1,"result":{"result":{"type":"number","value":100,"description":"100"}}}

2021-03-28 02:23:43,657 - root - INFO - 2021-03-28 02:23:43	{"id":1,"result":{"result":{"type":"number","value":100,"description":"100"}}}

2021-03-28 02:23:44,667 - root - INFO - 2021-03-28 02:23:44	{"id":1,"result":{"result":{"type":"string","value":"\u4f60\u597d"}}}

2021-03-28 02:23:54,676 - root - INFO - 2021-03-28 02:23:54	None

2021-03-28 02:23:55,691 - root - INFO - 2021-03-28 02:23:55	{"id":1,"result":{"result":{"type":"number","value":100,"description":"100"}}}

2021-03-28 02:26:43,067 - root - INFO - 2021-03-28 02:26:43	{"id":1,"result":{"result":{"type":"number","value":100,"description":"100"}}}

2021-03-28 02:26:44,076 - root - INFO - 2021-03-28 02:26:44	{"id":1,"result":{"result":{"type":"number","value":100,"description":"100"}}}

2021-03-28 02:26:45,086 - root - INFO - 2021-03-28 02:26:45	{"id":1,"result":{"result":{"type":"string","value":"\u4f60\u597d"}}}

2021-03-28 02:26:55,098 - root - INFO - 2021-03-28 02:26:55	{"id":1,"result":{"result":{"type":"string","value":"\u4f60\u597d"}}}

2021-03-28 02:26:56,116 - root - INFO - 2021-03-28 02:26:56	{"id":1,"result":{"result":{"type":"number","value":100,"description":"100"}}}

2021-03-28 02:27:02,268 - root - INFO - 2021-03-28 02:27:02	{"id":1,"result":{"result":{"type":"number","value":100,"description":"100"}}}

2021-03-28 02:27:03,280 - root - INFO - 2021-03-28 02:27:03	{"id":1,"result":{"result":{"type":"number","value":100,"description":"100"}}}

2021-03-28 02:27:04,299 - root - INFO - 2021-03-28 02:27:04	{"id":1,"result":{"result":{"type":"string","value":"\u4f60\u597d"}}}

2021-03-28 02:27:14,318 - root - ERROR - 2021-03-28 02:27:14	(<class 'ConnectionAbortedError'>, 'kernel_driver.py', 64)

2021-03-28 02:27:14,318 - root - INFO - 2021-03-28 02:27:14	None

2021-03-28 02:27:15,336 - root - INFO - 2021-03-28 02:27:15	{"id":1,"result":{"result":{"type":"number","value":100,"description":"100"}}}

2021-03-28 13:09:44,422 - root - INFO - 2021-03-28 13:09:44	{"id":1,"result":{"result":{"type":"number","value":100,"description":"100"}}}

2021-03-28 13:09:45,430 - root - INFO - 2021-03-28 13:09:45	{"id":1,"result":{"result":{"type":"number","value":100,"description":"100"}}}

2021-03-28 13:09:46,448 - root - INFO - 2021-03-28 13:09:46	{"id":1,"result":{"result":{"type":"string","value":"\u4f60\u597d"}}}

2021-03-28 13:09:56,461 - root - INFO - 2021-03-28 13:09:56	{"id":1,"result":{"result":{"type":"string","value":"\u4f60\u597d"}}}

2021-03-28 13:09:57,475 - root - INFO - 2021-03-28 13:09:57	{"id":1,"result":{"result":{"type":"number","value":100,"description":"100"}}}

2021-03-28 13:10:11,065 - root - INFO - 2021-03-28 13:10:11	{"id":1,"result":{"result":{"type":"number","value":100,"description":"100"}}}

2021-03-28 13:10:12,075 - root - INFO - 2021-03-28 13:10:12	{"id":1,"result":{"result":{"type":"number","value":100,"description":"100"}}}

2021-03-28 13:10:13,086 - root - INFO - 2021-03-28 13:10:13	{"id":1,"result":{"result":{"type":"string","value":"\u4f60\u597d"}}}

2021-03-28 13:10:23,092 - root - INFO - 2021-03-28 13:10:23	{"id":1,"result":{"result":{"type":"string","value":"\u4f60\u597d"}}}

2021-03-28 13:10:24,101 - root - INFO - 2021-03-28 13:10:24	{"id":1,"result":{"result":{"type":"number","value":100,"description":"100"}}}

2021-03-28 14:13:09,660 - root - INFO - 2021-03-28 14:13:09	<websocket._core.WebSocket object at 0x000002681FB26AC8>

2021-03-28 14:13:26,746 - root - INFO - 2021-03-28 14:13:26	<websocket._core.WebSocket object at 0x000001AB24196A20>

2021-03-28 14:22:41,124 - root - WARNING - 2021-03-28 14:22:41	建立websocket失败,尝试1次Handshake status 500

2021-03-28 14:22:41,124 - root - WARNING - 2021-03-28 14:22:41	建立websocket失败,尝试2次Handshake status 500

2021-03-28 14:22:41,125 - root - WARNING - 2021-03-28 14:22:41	建立websocket失败,尝试3次Handshake status 500

2021-03-28 14:23:04,973 - root - WARNING - 2021-03-28 14:23:04	建立websocket失败,尝试1次Handshake status 500

2021-03-28 14:23:05,985 - root - WARNING - 2021-03-28 14:23:05	建立websocket失败,尝试2次Handshake status 500

2021-03-28 14:23:06,997 - root - WARNING - 2021-03-28 14:23:06	建立websocket失败,尝试3次Handshake status 500

2021-03-28 14:23:15,848 - root - WARNING - 2021-03-28 14:23:15	建立websocket失败,尝试1次Handshake status 500

2021-03-28 14:23:17,857 - root - WARNING - 2021-03-28 14:23:17	建立websocket失败,尝试2次Handshake status 500

2021-03-28 14:23:19,869 - root - WARNING - 2021-03-28 14:23:19	建立websocket失败,尝试3次Handshake status 500

2021-03-28 14:23:36,901 - root - WARNING - 2021-03-28 14:23:36	建立websocket失败,尝试1次Handshake status 500

2021-03-28 14:23:38,921 - root - WARNING - 2021-03-28 14:23:38	建立websocket失败,尝试2次Handshake status 500

2021-03-28 14:23:40,936 - root - WARNING - 2021-03-28 14:23:40	建立websocket失败,尝试3次Handshake status 500

2021-03-28 14:24:06,071 - root - INFO - 2021-03-28 14:24:06	<websocket._core.WebSocket object at 0x000001AE40BC5B00>

2021-03-28 14:33:32,473 - root - WARNING - 2021-03-28 14:33:32	建立websocket失败,尝试1次Handshake status 500

2021-03-28 14:33:34,478 - root - WARNING - 2021-03-28 14:33:34	建立websocket失败,尝试2次Handshake status 500

2021-03-28 14:33:36,493 - root - WARNING - 2021-03-28 14:33:36	建立websocket失败,尝试3次Handshake status 500

2021-03-28 14:38:27,104 - root - INFO - 2021-03-28 14:38:27	ws://127.0.0.1:9222/devtools/page/9F0584152D829FFCE6847F8BCB3AC60B

2021-03-28 14:38:48,281 - root - INFO - 2021-03-28 14:38:48	ws://127.0.0.1:9222/devtools/page/45FB6A6B538783E42342B24EF553ACDC

2021-03-28 14:39:26,591 - root - INFO - 2021-03-28 14:39:26	ws://127.0.0.1:9222/devtools/page/45FB6A6B538783E42342B24EF553ACDC

2021-03-28 15:42:03,465 - root - INFO - 2021-03-28 15:42:03	ws://127.0.0.1:9222/devtools/page/45FB6A6B538783E42342B24EF553ACDC

2021-03-28 15:42:13,565 - root - INFO - 2021-03-28 15:42:13	ws://127.0.0.1:9222/devtools/page/9F0584152D829FFCE6847F8BCB3AC60B

2021-03-28 15:42:47,965 - root - INFO - 2021-03-28 15:42:47	ws://127.0.0.1:9222/devtools/page/9F0584152D829FFCE6847F8BCB3AC60B

2021-03-28 15:43:27,275 - root - INFO - 2021-03-28 15:43:27	ws://127.0.0.1:9222/devtools/page/9F0584152D829FFCE6847F8BCB3ERROR

2021-03-28 15:43:50,218 - root - INFO - 2021-03-28 15:43:50	ws://127.0.0.1:9222/devtools/page/ERROR

2021-03-28 16:17:05,265 - root - INFO - 2021-03-28 16:17:05	ws://127.0.0.1:9222/devtools/page/45FB6A6B538783E42342B24EF553ACDC

2021-03-28 16:17:05,267 - root - INFO - 2021-03-28 16:17:05	{"id": 1, "method": "Runtime.evaluate", "params": {"expression": "document.querySelector('.send-textarea').innerText = 100"}}

2021-03-28 16:17:06,279 - root - INFO - 2021-03-28 16:17:06	ws://127.0.0.1:9222/devtools/page/ERROR

2021-03-28 16:17:07,288 - root - INFO - 2021-03-28 16:17:07	ws://127.0.0.1:9222/devtools/page/45FB6A6B538783E42342B24EF553ACDC

2021-03-28 16:17:07,290 - root - INFO - 2021-03-28 16:17:07	{"id": 1, "method": "Runtime.evaluate", "params": {"expression": "document.querySelector('.send-textarea').innerText = '\u4f60\u597d'"}}

2021-03-28 16:17:17,303 - root - INFO - 2021-03-28 16:17:17	ws://127.0.0.1:9222/devtools/page/ERROR

2021-03-28 16:17:18,318 - root - INFO - 2021-03-28 16:17:18	ws://127.0.0.1:9222/devtools/page/45FB6A6B538783E42342B24EF553ACDC

2021-03-28 16:17:18,319 - root - INFO - 2021-03-28 16:17:18	{"id": 1, "method": "Runtime.evaluate", "params": {"expression": "document.querySelector('.send-textarea').innerText = 100"}}

2021-03-28 16:17:33,668 - root - INFO - 2021-03-28 16:17:33	ws://127.0.0.1:9222/devtools/page/45FB6A6B538783E42342B24EF553ACDC

2021-03-28 16:17:33,670 - root - INFO - 2021-03-28 16:17:33	{"id": 1, "method": "Runtime.evaluate", "params": {"expression": "document.querySelector('.send-textarea').innerText = 100"}}

2021-03-28 16:17:34,683 - root - INFO - 2021-03-28 16:17:34	ws://127.0.0.1:9222/devtools/page/ERROR

2021-03-28 16:17:35,701 - root - INFO - 2021-03-28 16:17:35	ws://127.0.0.1:9222/devtools/page/45FB6A6B538783E42342B24EF553ACDC

2021-03-28 16:17:35,702 - root - INFO - 2021-03-28 16:17:35	{"id": 1, "method": "Runtime.evaluate", "params": {"expression": "document.querySelector('.send-textarea').innerText = '\u4f60\u597d'"}}

2021-03-28 16:17:45,712 - root - INFO - 2021-03-28 16:17:45	ws://127.0.0.1:9222/devtools/page/ERROR

2021-03-28 16:17:46,728 - root - INFO - 2021-03-28 16:17:46	ws://127.0.0.1:9222/devtools/page/45FB6A6B538783E42342B24EF553ACDC

2021-03-28 16:17:46,729 - root - INFO - 2021-03-28 16:17:46	{"id": 1, "method": "Runtime.evaluate", "params": {"expression": "document.querySelector('.send-textarea').innerText = 100"}}

2021-03-28 16:17:53,344 - root - INFO - 2021-03-28 16:17:53	ws://127.0.0.1:9222/devtools/page/45FB6A6B538783E42342B24EF553ACDC

2021-03-28 16:17:53,346 - root - INFO - 2021-03-28 16:17:53	{"id": 1, "method": "Runtime.evaluate", "params": {"expression": "document.querySelector('.send-textarea').innerText = 100"}}

2021-03-28 16:17:54,349 - root - INFO - 2021-03-28 16:17:54	ws://127.0.0.1:9222/devtools/page/ERROR

2021-03-28 16:17:55,362 - root - INFO - 2021-03-28 16:17:55	ws://127.0.0.1:9222/devtools/page/45FB6A6B538783E42342B24EF553ACDC

2021-03-28 16:17:55,363 - root - INFO - 2021-03-28 16:17:55	{"id": 1, "method": "Runtime.evaluate", "params": {"expression": "document.querySelector('.send-textarea').innerText = '\u4f60\u597d'"}}

2021-03-28 16:18:05,376 - root - INFO - 2021-03-28 16:18:05	ws://127.0.0.1:9222/devtools/page/2768E9360E6A420AB84099C33A6EFEE9

2021-03-28 16:18:05,377 - root - INFO - 2021-03-28 16:18:05	{"id": 1, "method": "Runtime.evaluate", "params": {"expression": "document.querySelector('#kw').value='\u4f60\u597d'"}}

2021-03-28 16:18:06,381 - root - INFO - 2021-03-28 16:18:06	ws://127.0.0.1:9222/devtools/page/45FB6A6B538783E42342B24EF553ACDC

2021-03-28 16:18:06,383 - root - INFO - 2021-03-28 16:18:06	{"id": 1, "method": "Runtime.evaluate", "params": {"expression": "document.querySelector('.send-textarea').innerText = 100"}}

2021-03-28 16:19:39,273 - root - ERROR - 2021-03-28 16:19:39	{}

2021-03-28 16:19:40,287 - root - ERROR - 2021-03-28 16:19:40	{}

2021-03-28 16:19:41,294 - root - ERROR - 2021-03-28 16:19:41	{'百度一下，你就知道': None}

2021-03-28 16:19:51,306 - root - ERROR - 2021-03-28 16:19:51	{'百度一下，你就知道': None}

2021-03-28 16:19:52,330 - root - ERROR - 2021-03-28 16:19:52	{'百度一下，你就知道': None}

2021-03-28 16:20:28,254 - root - ERROR - 2021-03-28 16:20:28	{}

2021-03-28 16:20:29,268 - root - ERROR - 2021-03-28 16:20:29	{}

2021-03-28 16:20:30,287 - root - ERROR - 2021-03-28 16:20:30	{}

2021-03-28 16:20:40,306 - root - ERROR - 2021-03-28 16:20:40	{}

2021-03-28 16:20:41,325 - root - ERROR - 2021-03-28 16:20:41	{}

2021-03-28 16:20:56,939 - root - ERROR - 2021-03-28 16:20:56	{}

2021-03-28 16:20:57,951 - root - ERROR - 2021-03-28 16:20:57	{}

2021-03-28 16:20:58,965 - root - ERROR - 2021-03-28 16:20:58	{}

2021-03-28 16:21:08,981 - root - ERROR - 2021-03-28 16:21:08	{}

2021-03-28 16:21:10,005 - root - ERROR - 2021-03-28 16:21:10	{}

2021-03-28 16:26:43,822 - root - ERROR - 2021-03-28 16:26:43	{}

2021-03-28 16:27:06,215 - root - ERROR - 2021-03-28 16:27:06	{}

2021-03-28 16:27:07,231 - root - ERROR - 2021-03-28 16:27:07	{}

2021-03-28 16:27:08,245 - root - ERROR - 2021-03-28 16:27:08	{}

2021-03-28 16:27:18,262 - root - ERROR - 2021-03-28 16:27:18	{}

2021-03-28 16:27:19,278 - root - ERROR - 2021-03-28 16:27:19	{}

2021-03-28 16:27:20,796 - root - ERROR - 2021-03-28 16:27:20	{}

2021-03-28 16:27:21,813 - root - ERROR - 2021-03-28 16:27:21	{}

2021-03-28 16:27:22,822 - root - ERROR - 2021-03-28 16:27:22	{}

2021-03-28 16:27:32,828 - root - ERROR - 2021-03-28 16:27:32	{}

2021-03-28 16:27:33,848 - root - ERROR - 2021-03-28 16:27:33	{}

2021-03-28 16:30:18,292 - root - ERROR - 2021-03-28 16:30:04	{}

2021-03-28 16:48:38,186 - root - ERROR - 2021-03-28 16:48:38	{}

2021-03-28 16:48:39,197 - root - ERROR - 2021-03-28 16:48:39	{'在线客服': None}

2021-03-28 16:48:40,220 - root - ERROR - 2021-03-28 16:48:40	{'在线客服': None}

2021-03-28 16:48:50,235 - root - ERROR - 2021-03-28 16:48:50	{'在线客服': None}

2021-03-28 16:48:51,239 - root - ERROR - 2021-03-28 16:48:51	{'在线客服': None}

2021-03-28 16:50:05,003 - root - ERROR - 2021-03-28 16:50:05	{}

2021-03-28 16:50:06,018 - root - ERROR - 2021-03-28 16:50:06	{'在线客服': None}

2021-03-28 16:50:07,027 - root - ERROR - 2021-03-28 16:50:07	{'在线客服': None, '百度一下，你就知道': <websocket._core.WebSocket object at 0x00000174718D8048>}

2021-03-28 16:50:17,043 - root - ERROR - 2021-03-28 16:50:17	{'在线客服': None, '百度一下，你就知道': <websocket._core.WebSocket object at 0x00000174718D8048>}

2021-03-28 16:50:18,048 - root - ERROR - 2021-03-28 16:50:18	{'在线客服': None, '百度一下，你就知道': <websocket._core.WebSocket object at 0x00000174718D8048>}

2021-03-28 16:50:34,670 - root - ERROR - 2021-03-28 16:50:34	{}

2021-03-28 16:50:35,684 - root - ERROR - 2021-03-28 16:50:35	{'在线客服': <websocket._core.WebSocket object at 0x00000248E74D0EB8>}

2021-03-28 16:50:36,690 - root - ERROR - 2021-03-28 16:50:36	{'在线客服': <websocket._core.WebSocket object at 0x00000248E74D0EB8>, '百度一下，你就知道': <websocket._core.WebSocket object at 0x00000248E74F2940>}

2021-03-28 16:50:46,696 - root - ERROR - 2021-03-28 16:50:46	{'在线客服': <websocket._core.WebSocket object at 0x00000248E74D0EB8>, '百度一下，你就知道': <websocket._core.WebSocket object at 0x00000248E74F2940>}

2021-03-28 16:50:47,707 - root - ERROR - 2021-03-28 16:50:47	{'在线客服': <websocket._core.WebSocket object at 0x00000248E74D0EB8>, '百度一下，你就知道': <websocket._core.WebSocket object at 0x00000248E74F2940>}

2021-03-28 16:50:54,028 - root - ERROR - 2021-03-28 16:50:54	{}

2021-03-28 16:50:55,041 - root - ERROR - 2021-03-28 16:50:55	{'在线客服': <websocket._core.WebSocket object at 0x000001848DCB0EB8>}

2021-03-28 16:50:56,057 - root - ERROR - 2021-03-28 16:50:56	{'在线客服': <websocket._core.WebSocket object at 0x000001848DCB0EB8>, '百度一下，你就知道': <websocket._core.WebSocket object at 0x000001848B8F0860>}

2021-03-28 16:51:06,073 - root - ERROR - 2021-03-28 16:51:06	{'在线客服': <websocket._core.WebSocket object at 0x000001848DCB0EB8>, '百度一下，你就知道': <websocket._core.WebSocket object at 0x000001848B8F0860>}

2021-03-28 16:51:07,082 - root - ERROR - 2021-03-28 16:51:07	{'在线客服': <websocket._core.WebSocket object at 0x000001848DCB0EB8>, '百度一下，你就知道': <websocket._core.WebSocket object at 0x000001848B98DE10>}

2021-03-28 16:52:26,315 - root - ERROR - 2021-03-28 16:52:26	{}

2021-03-28 16:52:27,333 - root - ERROR - 2021-03-28 16:52:27	{'在线客服': <websocket._core.WebSocket object at 0x000001C47DE11EB8>}

2021-03-28 16:52:28,350 - root - ERROR - 2021-03-28 16:52:28	{'在线客服': <websocket._core.WebSocket object at 0x000001C47DE11EB8>, '百度一下，你就知道': <websocket._core.WebSocket object at 0x000001C47DE32940>}

2021-03-28 16:52:38,366 - root - ERROR - 2021-03-28 16:52:38	{'在线客服': <websocket._core.WebSocket object at 0x000001C47DE11EB8>, '百度一下，你就知道': <websocket._core.WebSocket object at 0x000001C47DE32940>}

2021-03-28 16:52:39,376 - root - ERROR - 2021-03-28 16:52:39	{'在线客服': <websocket._core.WebSocket object at 0x000001C47DE11EB8>, '百度一下，你就知道': <websocket._core.WebSocket object at 0x000001C47BAEDE10>}

2021-03-28 16:58:41,925 - root - ERROR - 2021-03-28 16:58:41	{}

2021-03-28 16:58:42,942 - root - ERROR - 2021-03-28 16:58:42	{'在线客服': <websocket._core.WebSocket object at 0x000001DB73FE2A20>}

2021-03-28 16:58:43,951 - root - ERROR - 2021-03-28 16:58:43	{'在线客服': <websocket._core.WebSocket object at 0x000001DB73FE2A20>, '百度一下，你就知道': <websocket._core.WebSocket object at 0x000001DB73FC6048>}

2021-03-28 16:58:53,958 - root - ERROR - 2021-03-28 16:58:53	{'在线客服': <websocket._core.WebSocket object at 0x000001DB73FE2A20>, '百度一下，你就知道': <websocket._core.WebSocket object at 0x000001DB73FC6048>}

2021-03-28 16:58:54,972 - root - ERROR - 2021-03-28 16:58:54	{'在线客服': <websocket._core.WebSocket object at 0x000001DB73FE2A20>, '百度一下，你就知道': <websocket._core.WebSocket object at 0x000001DB73FC6048>}

2021-03-28 17:04:51,674 - root - ERROR - 2021-03-28 17:04:51	{}

2021-03-28 17:04:52,698 - root - ERROR - 2021-03-28 17:04:52	{'在线客服': <websocket._core.WebSocket object at 0x00000243CFDD6128>}

2021-03-28 17:04:53,716 - root - ERROR - 2021-03-28 17:04:53	{'在线客服': <websocket._core.WebSocket object at 0x00000243CFDD6128>, '百度一下，你就知道': <websocket._core.WebSocket object at 0x00000243CFE28080>}

2021-03-28 17:05:03,718 - root - ERROR - 2021-03-28 17:05:03	{'在线客服': <websocket._core.WebSocket object at 0x00000243CFDD6128>, '百度一下，你就知道': <websocket._core.WebSocket object at 0x00000243CFE28080>}

2021-03-28 17:05:04,733 - root - ERROR - 2021-03-28 17:05:04	{'在线客服': <websocket._core.WebSocket object at 0x00000243CFDD6128>, '百度一下，你就知道': <websocket._core.WebSocket object at 0x00000243CFE28080>}

2021-03-28 17:05:10,018 - root - ERROR - 2021-03-28 17:05:10	{}

2021-03-28 17:05:11,029 - root - ERROR - 2021-03-28 17:05:11	{'在线客服': <websocket._core.WebSocket object at 0x000001F8B5F56128>}

2021-03-28 17:05:12,045 - root - ERROR - 2021-03-28 17:05:12	{'在线客服': <websocket._core.WebSocket object at 0x000001F8B5F56128>, '百度一下，你就知道': <websocket._core.WebSocket object at 0x000001F8B5FA8080>}

2021-03-28 17:05:22,055 - root - ERROR - 2021-03-28 17:05:22	{'在线客服': <websocket._core.WebSocket object at 0x000001F8B5F56128>, '百度一下，你就知道': <websocket._core.WebSocket object at 0x000001F8B5FA8080>}

2021-03-28 17:05:23,064 - root - ERROR - 2021-03-28 17:05:23	{'在线客服': <websocket._core.WebSocket object at 0x000001F8B5F56128>, '百度一下，你就知道': None}

2021-03-28 17:09:54,987 - root - ERROR - 2021-03-28 17:09:54	{}

2021-03-28 17:09:56,003 - root - ERROR - 2021-03-28 17:09:56	{'在线客服': <websocket._core.WebSocket object at 0x00000190E05D6160>}

2021-03-28 17:09:57,027 - root - ERROR - 2021-03-28 17:09:57	{'在线客服': <websocket._core.WebSocket object at 0x00000190E05D6160>, '百度一下，你就知道': <websocket._core.WebSocket object at 0x00000190E0614DA0>}

2021-03-28 17:10:07,030 - root - ERROR - 2021-03-28 17:10:07	{}

2021-03-28 17:10:08,044 - root - ERROR - 2021-03-28 17:10:08	{'百度一下，你就知道': <websocket._core.WebSocket object at 0x00000190DE087BA8>}

2021-03-28 17:10:38,131 - root - ERROR - 2021-03-28 17:10:38	{}

2021-03-28 17:10:39,150 - root - ERROR - 2021-03-28 17:10:39	{'在线客服': <websocket._core.WebSocket object at 0x0000023B3A1B60F0>}

2021-03-28 17:10:40,174 - root - ERROR - 2021-03-28 17:10:40	{'在线客服': <websocket._core.WebSocket object at 0x0000023B3A1B60F0>, '百度一下，你就知道': <websocket._core.WebSocket object at 0x0000023B37C77BA8>}

2021-03-28 17:10:50,178 - root - ERROR - 2021-03-28 17:10:50	{}

2021-03-28 17:10:51,187 - root - ERROR - 2021-03-28 17:10:51	{'百度一下，你就知道': <websocket._core.WebSocket object at 0x0000023B3A1AFF60>}

2021-03-28 17:12:15,082 - root - ERROR - 2021-03-28 17:12:15	{}

2021-03-28 17:12:16,094 - root - ERROR - 2021-03-28 17:12:16	{'在线客服': <websocket._core.WebSocket object at 0x0000019715A96160>}

2021-03-28 17:12:17,099 - root - ERROR - 2021-03-28 17:12:17	{'在线客服': <websocket._core.WebSocket object at 0x0000019715A96160>, '百度一下，你就知道': <websocket._core.WebSocket object at 0x0000019715AD4DA0>}

2021-03-28 17:12:27,112 - root - ERROR - 2021-03-28 17:12:27	{}

2021-03-28 17:12:28,125 - root - ERROR - 2021-03-28 17:12:28	{'百度一下，你就知道': <websocket._core.WebSocket object at 0x0000019713537BA8>}

2021-03-28 17:13:24,040 - root - ERROR - 2021-03-28 17:13:24	{}

2021-03-28 17:13:51,706 - root - ERROR - 2021-03-28 17:13:51	{}

2021-03-28 17:15:05,129 - root - ERROR - 2021-03-28 17:15:05	{}

2021-03-28 17:15:06,140 - root - ERROR - 2021-03-28 17:15:06	{'在线客服': <websocket._core.WebSocket object at 0x00000164AC6C6160>}

2021-03-28 17:15:07,159 - root - ERROR - 2021-03-28 17:15:07	{'在线客服': <websocket._core.WebSocket object at 0x00000164AC6C6160>, '百度一下，你就知道': <websocket._core.WebSocket object at 0x00000164AC704DA0>}

2021-03-28 17:15:17,163 - root - ERROR - 2021-03-28 17:15:17	{}

2021-03-28 17:15:18,172 - root - ERROR - 2021-03-28 17:15:18	{'百度一下，你就知道': <websocket._core.WebSocket object at 0x00000164AA167BA8>}

2021-03-28 17:17:00,512 - root - ERROR - 2021-03-28 17:17:00	{}

2021-03-28 17:17:01,526 - root - ERROR - 2021-03-28 17:17:01	{'在线客服': <websocket._core.WebSocket object at 0x000001D34DCC6128>}

2021-03-28 17:17:02,537 - root - ERROR - 2021-03-28 17:17:02	{'在线客服': <websocket._core.WebSocket object at 0x000001D34DCC6128>, '百度一下，你就知道': <websocket._core.WebSocket object at 0x000001D34DD18080>}

2021-03-28 17:17:12,552 - root - ERROR - 2021-03-28 17:17:12	{'在线客服': <websocket._core.WebSocket object at 0x000001D34DCC6128>, '百度一下，你就知道': <websocket._core.WebSocket object at 0x000001D34DD18080>}

2021-03-28 17:17:13,567 - root - ERROR - 2021-03-28 17:17:13	{'在线客服': <websocket._core.WebSocket object at 0x000001D34DCC6128>, '百度一下，你就知道': <websocket._core.WebSocket object at 0x000001D34DD18080>}

2021-03-28 18:01:46,784 - root - ERROR - 2021-03-28 18:01:46	{}

2021-03-28 18:01:47,795 - root - ERROR - 2021-03-28 18:01:47	{'在线客服': <websocket._core.WebSocket object at 0x00000246844560F0>}

2021-03-28 18:01:48,805 - root - ERROR - 2021-03-28 18:01:48	{'在线客服': <websocket._core.WebSocket object at 0x00000246844560F0>, '百度一下，你就知道': <websocket._core.WebSocket object at 0x0000024684494CF8>}

2021-03-28 18:01:58,813 - root - ERROR - 2021-03-28 18:01:58	{'在线客服': <websocket._core.WebSocket object at 0x00000246844560F0>, '百度一下，你就知道': <websocket._core.WebSocket object at 0x0000024684494CF8>}

2021-03-28 18:01:59,822 - root - ERROR - 2021-03-28 18:01:59	{'在线客服': <websocket._core.WebSocket object at 0x00000246844560F0>, '百度一下，你就知道': <websocket._core.WebSocket object at 0x0000024684494CF8>}

2021-03-28 18:02:17,711 - root - ERROR - 2021-03-28 18:02:17	{}

2021-03-28 18:02:18,733 - root - ERROR - 2021-03-28 18:02:18	{'在线客服': <websocket._core.WebSocket object at 0x0000016CBC8F6160>}

2021-03-28 18:02:19,744 - root - ERROR - 2021-03-28 18:02:19	{'在线客服': <websocket._core.WebSocket object at 0x0000016CBC8F6160>, '百度一下，你就知道': <websocket._core.WebSocket object at 0x0000016CBC934F60>}

2021-03-28 18:02:29,756 - root - ERROR - 2021-03-28 18:02:29	{'在线客服': <websocket._core.WebSocket object at 0x0000016CBC8F6160>, '百度一下，你就知道': <websocket._core.WebSocket object at 0x0000016CBC934F60>}

2021-03-28 18:02:30,775 - root - ERROR - 2021-03-28 18:02:30	{'在线客服': <websocket._core.WebSocket object at 0x0000016CBC8F6160>, '百度一下，你就知道': <websocket._core.WebSocket object at 0x0000016CBA3A7BA8>}

2021-03-28 18:03:08,662 - root - ERROR - 2021-03-28 18:03:08	{}

2021-03-28 18:03:09,681 - root - ERROR - 2021-03-28 18:03:09	{'在线客服': <websocket._core.WebSocket object at 0x0000021822A06160>}

2021-03-28 18:03:10,691 - root - ERROR - 2021-03-28 18:03:10	{'在线客服': <websocket._core.WebSocket object at 0x0000021822A06160>, '百度一下，你就知道': <websocket._core.WebSocket object at 0x0000021822A44F60>}

2021-03-28 18:03:20,697 - root - ERROR - 2021-03-28 18:03:20	{'在线客服': <websocket._core.WebSocket object at 0x0000021822A06160>, '百度一下，你就知道': <websocket._core.WebSocket object at 0x0000021822A44F60>}

2021-03-28 18:03:21,707 - root - ERROR - 2021-03-28 18:03:21	{'在线客服': <websocket._core.WebSocket object at 0x0000021822A06160>, '百度一下，你就知道': <websocket._core.WebSocket object at 0x0000021822A44F60>}

2021-03-28 18:03:38,313 - root - ERROR - 2021-03-28 18:03:38	{}

2021-03-28 18:03:39,335 - root - ERROR - 2021-03-28 18:03:39	{'在线客服': <websocket._core.WebSocket object at 0x000002D22A066160>}

2021-03-28 18:03:40,345 - root - ERROR - 2021-03-28 18:03:40	{'在线客服': <websocket._core.WebSocket object at 0x000002D22A066160>, '百度一下，你就知道': <websocket._core.WebSocket object at 0x000002D22A0A4F60>}

2021-03-28 18:03:50,349 - root - ERROR - 2021-03-28 18:03:50	{'在线客服': <websocket._core.WebSocket object at 0x000002D22A066160>, '百度一下，你就知道': <websocket._core.WebSocket object at 0x000002D22A0A4F60>}

2021-03-28 18:03:51,361 - root - ERROR - 2021-03-28 18:03:51	{'在线客服': <websocket._core.WebSocket object at 0x000002D22A066160>, '百度一下，你就知道': None}

2021-03-28 18:04:05,116 - root - ERROR - 2021-03-28 18:04:05	{}

2021-03-28 18:04:06,126 - root - ERROR - 2021-03-28 18:04:06	{'在线客服': <websocket._core.WebSocket object at 0x00000275E7996160>}

2021-03-28 18:04:07,137 - root - ERROR - 2021-03-28 18:04:07	{'在线客服': <websocket._core.WebSocket object at 0x00000275E7996160>, '百度一下，你就知道': None}

2021-03-28 18:04:17,142 - root - ERROR - 2021-03-28 18:04:17	{'在线客服': <websocket._core.WebSocket object at 0x00000275E7996160>, '百度一下，你就知道': None}

2021-03-28 18:04:18,154 - root - ERROR - 2021-03-28 18:04:18	{'在线客服': <websocket._core.WebSocket object at 0x00000275E7996160>, '百度一下，你就知道': <websocket._core.WebSocket object at 0x00000275E5437BA8>}

2021-03-28 23:34:00,988 - root - ERROR - 2021-03-28 23:34:00	{}

2021-03-28 23:34:02,009 - root - ERROR - 2021-03-28 23:34:02	{'在线客服': <websocket._core.WebSocket object at 0x000002E76C536160>}

2021-03-28 23:34:03,019 - root - ERROR - 2021-03-28 23:34:03	{'在线客服': <websocket._core.WebSocket object at 0x000002E76C536160>, '百度一下，你就知道': <websocket._core.WebSocket object at 0x000002E76A150860>}

2021-03-28 23:34:13,028 - root - ERROR - 2021-03-28 23:34:13	{'在线客服': <websocket._core.WebSocket object at 0x000002E76C536160>, '百度一下，你就知道': <websocket._core.WebSocket object at 0x000002E76A150860>}

2021-03-28 23:34:14,043 - root - ERROR - 2021-03-28 23:34:14	{'在线客服': <websocket._core.WebSocket object at 0x000002E76C536160>, '百度一下，你就知道': <websocket._core.WebSocket object at 0x000002E76A150860>}

2021-03-28 23:34:26,503 - root - ERROR - 2021-03-28 23:34:26	{}

2021-03-28 23:34:27,521 - root - ERROR - 2021-03-28 23:34:27	{'在线客服': <websocket._core.WebSocket object at 0x000001211BDB6160>}

2021-03-28 23:34:28,528 - root - ERROR - 2021-03-28 23:34:28	{'在线客服': <websocket._core.WebSocket object at 0x000001211BDB6160>, '百度一下，你就知道': <websocket._core.WebSocket object at 0x00000121199D0860>}

2021-03-28 23:34:38,534 - root - ERROR - 2021-03-28 23:34:38	{'在线客服': <websocket._core.WebSocket object at 0x000001211BDB6160>, '百度一下，你就知道': <websocket._core.WebSocket object at 0x00000121199D0860>}

2021-03-28 23:34:39,549 - root - ERROR - 2021-03-28 23:34:39	{'在线客服': <websocket._core.WebSocket object at 0x000001211BDB6160>, '百度一下，你就知道': <websocket._core.WebSocket object at 0x00000121199D0860>}

2021-03-28 23:35:00,752 - root - ERROR - 2021-03-28 23:35:00	{}

2021-03-28 23:35:01,765 - root - ERROR - 2021-03-28 23:35:01	{'在线客服': <websocket._core.WebSocket object at 0x000001A738576160>}

2021-03-28 23:35:02,778 - root - ERROR - 2021-03-28 23:35:02	{'在线客服': <websocket._core.WebSocket object at 0x000001A738576160>, '百度一下，你就知道': <websocket._core.WebSocket object at 0x000001A7361A0860>}

2021-03-28 23:35:12,782 - root - ERROR - 2021-03-28 23:35:12	{'在线客服': <websocket._core.WebSocket object at 0x000001A738576160>, '百度一下，你就知道': <websocket._core.WebSocket object at 0x000001A7361A0860>}

2021-03-28 23:35:13,789 - root - ERROR - 2021-03-28 23:35:13	{'在线客服': <websocket._core.WebSocket object at 0x000001A738576160>, '百度一下，你就知道': <websocket._core.WebSocket object at 0x000001A7361A0860>}

2021-03-28 23:35:56,102 - root - ERROR - 2021-03-28 23:35:56	{}

2021-03-28 23:35:57,116 - root - ERROR - 2021-03-28 23:35:57	{'在线客服': <websocket._core.WebSocket object at 0x0000014ABF126160>}

2021-03-28 23:35:58,133 - root - ERROR - 2021-03-28 23:35:58	{'在线客服': <websocket._core.WebSocket object at 0x0000014ABF126160>, '百度一下，你就知道': <websocket._core.WebSocket object at 0x0000014ABCD70860>}

2021-03-28 23:36:08,135 - root - ERROR - 2021-03-28 23:36:08	{'在线客服': <websocket._core.WebSocket object at 0x0000014ABF126160>, '百度一下，你就知道': <websocket._core.WebSocket object at 0x0000014ABCD70860>}

2021-03-28 23:36:09,151 - root - ERROR - 2021-03-28 23:36:09	{'在线客服': <websocket._core.WebSocket object at 0x0000014ABF126160>, '百度一下，你就知道': <websocket._core.WebSocket object at 0x0000014ABCD70860>}

2021-03-28 23:41:41,778 - root - ERROR - 2021-03-28 23:41:41	{}

2021-03-28 23:41:42,799 - root - ERROR - 2021-03-28 23:41:42	{'在线客服': <websocket._core.WebSocket object at 0x0000020EE08A6160>}

2021-03-28 23:41:43,813 - root - ERROR - 2021-03-28 23:41:43	{'在线客服': <websocket._core.WebSocket object at 0x0000020EE08A6160>, '百度一下，你就知道': <websocket._core.WebSocket object at 0x0000020EDE4C0860>}

2021-03-28 23:41:53,827 - root - ERROR - 2021-03-28 23:41:53	{'在线客服': <websocket._core.WebSocket object at 0x0000020EE08A6160>, '百度一下，你就知道': <websocket._core.WebSocket object at 0x0000020EDE4C0860>}

2021-03-28 23:41:54,828 - root - ERROR - 2021-03-28 23:41:54	{'在线客服': <websocket._core.WebSocket object at 0x0000020EE08A6160>, '百度一下，你就知道': <websocket._core.WebSocket object at 0x0000020EDE4C0860>}

2021-03-28 23:42:06,616 - root - ERROR - 2021-03-28 23:42:06	{}

2021-03-28 23:42:07,633 - root - ERROR - 2021-03-28 23:42:07	{'在线客服': <websocket._core.WebSocket object at 0x0000017430B26160>}

2021-03-28 23:42:08,649 - root - ERROR - 2021-03-28 23:42:08	{'在线客服': <websocket._core.WebSocket object at 0x0000017430B26160>, '百度一下，你就知道': <websocket._core.WebSocket object at 0x000001742E740860>}

2021-03-28 23:42:18,654 - root - ERROR - 2021-03-28 23:42:18	{'在线客服': <websocket._core.WebSocket object at 0x0000017430B26160>, '百度一下，你就知道': <websocket._core.WebSocket object at 0x000001742E740860>}

2021-03-28 23:42:19,667 - root - ERROR - 2021-03-28 23:42:19	{'在线客服': <websocket._core.WebSocket object at 0x0000017430B26160>, '百度一下，你就知道': <websocket._core.WebSocket object at 0x000001742E740860>}

2021-03-28 23:42:51,927 - root - ERROR - 2021-03-28 23:42:51	{}

2021-03-28 23:42:52,940 - root - ERROR - 2021-03-28 23:42:52	{'在线客服': <websocket._core.WebSocket object at 0x000001972F986160>}

2021-03-28 23:42:53,952 - root - ERROR - 2021-03-28 23:42:53	{'在线客服': <websocket._core.WebSocket object at 0x000001972F986160>, '百度一下，你就知道': <websocket._core.WebSocket object at 0x000001972D5B0860>}

2021-03-28 23:43:03,961 - root - ERROR - 2021-03-28 23:43:03	{'在线客服': <websocket._core.WebSocket object at 0x000001972F986160>, '百度一下，你就知道': <websocket._core.WebSocket object at 0x000001972D5B0860>}

2021-03-28 23:43:04,967 - root - ERROR - 2021-03-28 23:43:04	{'在线客服': <websocket._core.WebSocket object at 0x000001972F986160>, '百度一下，你就知道': <websocket._core.WebSocket object at 0x000001972D5B0860>}

