2021-03-29 22:17:09,670 - root - ERROR - 2021-03-29 22:17:09	{}

2021-03-29 22:17:10,688 - root - ERROR - 2021-03-29 22:17:10	{'在线客服': <websocket._core.WebSocket object at 0x0000016EDEB740B8>}

2021-03-29 22:17:11,709 - root - ERROR - 2021-03-29 22:17:11	{'在线客服': <websocket._core.WebSocket object at 0x0000016EDEB740B8>, '百度一下，你就知道': None}

2021-03-29 22:17:21,726 - root - ERROR - 2021-03-29 22:17:21	{'在线客服': <websocket._core.WebSocket object at 0x0000016EDEB740B8>, '百度一下，你就知道': None}

2021-03-29 22:17:22,741 - root - ERROR - 2021-03-29 22:17:22	{'在线客服': <websocket._core.WebSocket object at 0x0000016EDEB740B8>, '百度一下，你就知道': None}

2021-03-29 22:17:44,353 - root - ERROR - 2021-03-29 22:17:44	{}

2021-03-29 22:17:44,362 - root - ERROR - 2021-03-29 22:17:44	{'在线客服': <websocket._core.WebSocket object at 0x000001CBE1E040B8>}

2021-03-29 22:17:45,367 - root - ERROR - 2021-03-29 22:17:45	{'在线客服': <websocket._core.WebSocket object at 0x000001CBE1E040B8>, '百度一下，你就知道': None}

2021-03-29 22:18:01,059 - root - ERROR - 2021-03-29 22:18:01	{}

2021-03-29 22:18:01,068 - root - ERROR - 2021-03-29 22:18:01	{'在线客服': <websocket._core.WebSocket object at 0x00000283059F40B8>}

2021-03-29 22:18:02,082 - root - ERROR - 2021-03-29 22:18:02	{'在线客服': <websocket._core.WebSocket object at 0x00000283059F40B8>, '百度一下，你就知道': None}

2021-03-29 22:18:33,629 - root - ERROR - 2021-03-29 22:18:33	{}

2021-03-29 22:18:33,637 - root - ERROR - 2021-03-29 22:18:33	{'在线客服': <websocket._core.WebSocket object at 0x000001FB632440B8>}

2021-03-29 22:18:34,641 - root - ERROR - 2021-03-29 22:18:34	{'在线客服': <websocket._core.WebSocket object at 0x000001FB632440B8>, '百度一下，你就知道': None}

2021-03-29 22:19:18,270 - root - ERROR - 2021-03-29 22:19:18	{}

2021-03-29 22:19:18,279 - root - ERROR - 2021-03-29 22:19:18	{'在线客服': <websocket._core.WebSocket object at 0x000002A58D9F40B8>}

2021-03-29 22:19:19,285 - root - ERROR - 2021-03-29 22:19:19	{'在线客服': <websocket._core.WebSocket object at 0x000002A58D9F40B8>, '百度一下，你就知道': None}

2021-03-29 22:25:46,464 - root - ERROR - 2021-03-29 22:25:46	{}

2021-03-29 22:25:46,473 - root - ERROR - 2021-03-29 22:25:46	{'在线客服': <websocket._core.WebSocket object at 0x000001431F4B6198>}

2021-03-29 22:25:47,479 - root - ERROR - 2021-03-29 22:25:47	{'在线客服': <websocket._core.WebSocket object at 0x000001431F4B6198>, '百度一下，你就知道': None}

2021-03-29 22:36:35,520 - root - ERROR - 2021-03-29 22:36:35	{}

2021-03-29 22:36:35,529 - root - ERROR - 2021-03-29 22:36:35	{'在线客服': <websocket._core.WebSocket object at 0x000002CA87C76160>}

2021-03-29 22:36:36,537 - root - ERROR - 2021-03-29 22:36:36	{'在线客服': <websocket._core.WebSocket object at 0x000002CA87C76160>, '百度一下，你就知道': None}

2021-03-29 22:39:27,488 - root - ERROR - 2021-03-29 22:39:27	{}

2021-03-29 22:39:27,497 - root - ERROR - 2021-03-29 22:39:27	{'在线客服': <websocket._core.WebSocket object at 0x00000168D4AB6160>}

2021-03-29 22:39:28,512 - root - ERROR - 2021-03-29 22:39:28	{'在线客服': <websocket._core.WebSocket object at 0x00000168D4AB6160>, '百度一下，你就知道': None}

2021-03-29 22:39:33,488 - root - ERROR - 2021-03-29 22:39:33	{}

2021-03-29 22:39:33,496 - root - ERROR - 2021-03-29 22:39:33	{'在线客服': <websocket._core.WebSocket object at 0x000001B542A06160>}

2021-03-29 22:39:34,510 - root - ERROR - 2021-03-29 22:39:34	{'在线客服': <websocket._core.WebSocket object at 0x000001B542A06160>, '百度一下，你就知道': None}

2021-03-29 22:39:51,749 - root - ERROR - 2021-03-29 22:39:51	{}

2021-03-29 22:39:51,757 - root - ERROR - 2021-03-29 22:39:51	{'在线客服': <websocket._core.WebSocket object at 0x000001E425E560F0>}

2021-03-29 22:39:52,768 - root - ERROR - 2021-03-29 22:39:52	{'在线客服': <websocket._core.WebSocket object at 0x000001E425E560F0>, '百度一下，你就知道': None}

2021-03-29 22:40:16,392 - root - ERROR - 2021-03-29 22:40:16	{}

2021-03-29 22:40:16,401 - root - ERROR - 2021-03-29 22:40:16	{'在线客服': <websocket._core.WebSocket object at 0x000001EB8D5460F0>}

2021-03-29 22:40:17,407 - root - ERROR - 2021-03-29 22:40:17	{'在线客服': <websocket._core.WebSocket object at 0x000001EB8D5460F0>, '百度一下，你就知道': None}

2021-03-29 22:40:50,761 - root - ERROR - 2021-03-29 22:40:50	{}

2021-03-29 22:40:50,770 - root - ERROR - 2021-03-29 22:40:50	{'在线客服': <websocket._core.WebSocket object at 0x000001DC3DEB5160>}

2021-03-29 22:40:51,787 - root - ERROR - 2021-03-29 22:40:51	{'在线客服': <websocket._core.WebSocket object at 0x000001DC3DEB5160>, '百度一下，你就知道': None}

2021-03-29 22:44:40,818 - root - ERROR - 2021-03-29 22:44:40	{}

2021-03-29 22:44:40,826 - root - ERROR - 2021-03-29 22:44:40	{'在线客服': <websocket._core.WebSocket object at 0x000001DC40046160>}

2021-03-29 22:44:41,841 - root - ERROR - 2021-03-29 22:44:41	{'在线客服': <websocket._core.WebSocket object at 0x000001DC40046160>, '百度一下，你就知道': None}

2021-03-29 22:49:51,852 - root - ERROR - 2021-03-29 22:49:51	{}

2021-03-29 22:49:52,864 - root - ERROR - 2021-03-29 22:49:52	{'百度一下，你就知道': None}

2021-03-29 23:03:46,944 - root - ERROR - 2021-03-29 23:03:46	{}

2021-03-29 23:04:11,926 - root - ERROR - 2021-03-29 23:04:11	{}

2021-03-29 23:04:29,879 - root - ERROR - 2021-03-29 23:04:29	{}

2021-03-29 23:37:12,009 - root - ERROR - 2021-03-29 23:37:12	{}

2021-03-29 23:38:24,326 - root - ERROR - 2021-03-29 23:38:24	{}

2021-03-29 23:38:56,411 - root - ERROR - 2021-03-29 23:38:56	{}

2021-03-29 23:39:26,668 - root - ERROR - 2021-03-29 23:39:26	{}

2021-03-29 23:39:49,829 - root - ERROR - 2021-03-29 23:39:49	{}

2021-03-29 23:40:11,751 - root - ERROR - 2021-03-29 23:40:11	{}

2021-03-29 23:40:44,881 - root - ERROR - 2021-03-29 23:40:44	{}

2021-03-29 23:42:57,081 - root - ERROR - 2021-03-29 23:42:57	{}

2021-03-29 23:43:36,785 - root - ERROR - 2021-03-29 23:43:36	{}

2021-03-29 23:48:18,081 - root - ERROR - 2021-03-29 23:48:18	{}

2021-03-29 23:59:38,798 - root - ERROR - 2021-03-29 23:59:38	{}

