2021-03-31 23:20:21,915 - root - ERROR - 2021-03-31 23:20:21	{}

2021-03-31 23:20:51,930 - root - ERROR - 2021-03-31 23:20:51	{}

2021-03-31 23:25:40,988 - root - ERROR - 2021-03-31 23:25:40	{}

2021-03-31 23:28:22,322 - root - ERROR - 2021-03-31 23:28:22	{}

2021-03-31 23:30:43,423 - root - ERROR - 2021-03-31 23:30:43	{}

2021-03-31 23:32:38,838 - root - ERROR - 2021-03-31 23:32:38	{}

2021-03-31 23:34:49,380 - root - ERROR - 2021-03-31 23:34:49	{}

2021-03-31 23:35:04,662 - root - ERROR - 2021-03-31 23:35:04	{}

2021-03-31 23:36:12,299 - root - ERROR - 2021-03-31 23:36:12	{}

2021-03-31 23:36:12,308 - root - ERROR - 2021-03-31 23:36:12	{'在线客服': <websocket._core.WebSocket object at 0x0000021C71B7EF60>}

2021-03-31 23:36:22,430 - root - ERROR - 2021-03-31 23:36:22	{}

2021-03-31 23:36:22,439 - root - ERROR - 2021-03-31 23:36:22	{'在线客服': <websocket._core.WebSocket object at 0x000002AA1B4A6198>}

2021-03-31 23:37:42,655 - root - ERROR - 2021-03-31 23:37:42	{}

2021-03-31 23:37:42,663 - root - ERROR - 2021-03-31 23:37:42	{'在线客服': <websocket._core.WebSocket object at 0x000002357E096198>}

2021-03-31 23:38:25,630 - root - ERROR - 2021-03-31 23:38:25	{}

2021-03-31 23:38:25,638 - root - ERROR - 2021-03-31 23:38:25	{'在线客服': <websocket._core.WebSocket object at 0x00000246C0D56198>}

2021-03-31 23:38:41,049 - root - ERROR - 2021-03-31 23:38:41	{}

2021-03-31 23:38:41,057 - root - ERROR - 2021-03-31 23:38:41	{'在线客服': <websocket._core.WebSocket object at 0x000001D7D5796198>}

2021-03-31 23:39:03,927 - root - ERROR - 2021-03-31 23:39:03	{}

2021-03-31 23:39:03,935 - root - ERROR - 2021-03-31 23:39:03	{'在线客服': <websocket._core.WebSocket object at 0x000001F8BB626198>}

2021-03-31 23:43:09,590 - root - ERROR - 2021-03-31 23:43:09	{}

2021-03-31 23:43:09,599 - root - ERROR - 2021-03-31 23:43:09	{'在线客服': <websocket._core.WebSocket object at 0x000002187FEB6198>}

2021-03-31 23:43:26,897 - root - ERROR - 2021-03-31 23:43:26	{}

2021-03-31 23:43:26,905 - root - ERROR - 2021-03-31 23:43:26	{'在线客服': <websocket._core.WebSocket object at 0x0000014ED14B5048>}

2021-03-31 23:48:04,831 - root - ERROR - 2021-03-31 23:48:04	{}

2021-03-31 23:48:04,840 - root - ERROR - 2021-03-31 23:48:04	{'在线客服': <websocket._core.WebSocket object at 0x0000022C74106198>}

2021-03-31 23:48:04,840 - root - ERROR - 2021-03-31 23:48:04	{'在线客服': <websocket._core.WebSocket object at 0x0000022C74106198>}

2021-03-31 23:48:19,761 - root - ERROR - 2021-03-31 23:48:19	{}

2021-03-31 23:48:19,770 - root - ERROR - 2021-03-31 23:48:19	{'在线客服': <websocket._core.WebSocket object at 0x00000113049AEF60>}

2021-03-31 23:48:19,770 - root - ERROR - 2021-03-31 23:48:19	{'在线客服': <websocket._core.WebSocket object at 0x00000113049AEF60>}

2021-03-31 23:54:49,910 - root - ERROR - 2021-03-31 23:54:49	{}

2021-03-31 23:54:49,919 - root - ERROR - 2021-03-31 23:54:49	{'在线客服': <websocket._core.WebSocket object at 0x000002378B426198>}

2021-03-31 23:54:49,920 - root - ERROR - 2021-03-31 23:54:49	{'在线客服': <websocket._core.WebSocket object at 0x000002378B426198>}

2021-03-31 23:56:49,028 - root - ERROR - 2021-03-31 23:56:49	{}

2021-03-31 23:56:49,037 - root - ERROR - 2021-03-31 23:56:49	{'在线客服': <websocket._core.WebSocket object at 0x000001DE50416198>}

2021-03-31 23:56:49,038 - root - ERROR - 2021-03-31 23:56:49	{'在线客服': <websocket._core.WebSocket object at 0x000001DE50416198>}

